<?xml version="1.0" encoding="UTF-8"?>
<testng-results ignored="0" total="3" passed="3" failed="0" skipped="0">
  <reporter-output>
  </reporter-output>
  <suite started-at="2022-07-20T22:10:04 IST" name="Default suite" finished-at="2022-07-20T22:10:04 IST" duration-ms="170">
    <groups>
    </groups>
    <test started-at="2022-07-20T22:10:04 IST" name="Default test" finished-at="2022-07-20T22:10:04 IST" duration-ms="170">
      <class name="selenium_framework_maven.DemoTest3">
        <test-method signature="demoTest()[pri:0, instance:selenium_framework_maven.DemoTest3@169e6180]" started-at="2022-07-20T22:10:04 IST" name="demoTest" finished-at="2022-07-20T22:10:04 IST" duration-ms="17" status="PASS">
          <reporter-output>
          </reporter-output>
        </test-method> <!-- demoTest -->
        <test-method signature="demoTest2()[pri:0, instance:selenium_framework_maven.DemoTest3@169e6180]" started-at="2022-07-20T22:10:04 IST" name="demoTest2" finished-at="2022-07-20T22:10:04 IST" duration-ms="2" status="PASS">
          <reporter-output>
          </reporter-output>
        </test-method> <!-- demoTest2 -->
        <test-method signature="demoTestt1()[pri:0, instance:selenium_framework_maven.DemoTest3@169e6180]" started-at="2022-07-20T22:10:04 IST" name="demoTestt1" finished-at="2022-07-20T22:10:04 IST" duration-ms="2" status="PASS">
          <reporter-output>
          </reporter-output>
        </test-method> <!-- demoTestt1 -->
      </class> <!-- selenium_framework_maven.DemoTest3 -->
    </test> <!-- Default test -->
  </suite> <!-- Default suite -->
</testng-results>
