<?xml version="1.0" encoding="UTF-8"?>
<testng-results ignored="0" total="2" passed="2" failed="0" skipped="0">
  <reporter-output>
  </reporter-output>
  <suite started-at="2022-07-18T14:23:38 IST" name="Default suite" finished-at="2022-07-18T14:23:38 IST" duration-ms="129">
    <groups>
    </groups>
    <test started-at="2022-07-18T14:23:38 IST" name="Default test" finished-at="2022-07-18T14:23:38 IST" duration-ms="129">
      <class name="selenium.DemoTest">
        <test-method signature="demoTest()[pri:0, instance:selenium.DemoTest@47faa49c]" started-at="2022-07-18T14:23:38 IST" name="demoTest" finished-at="2022-07-18T14:23:38 IST" duration-ms="18" status="PASS">
          <reporter-output>
          </reporter-output>
        </test-method> <!-- demoTest -->
        <test-method signature="demoTset1()[pri:0, instance:selenium.DemoTest@47faa49c]" started-at="2022-07-18T14:23:38 IST" name="demoTset1" finished-at="2022-07-18T14:23:38 IST" duration-ms="4" status="PASS">
          <reporter-output>
          </reporter-output>
        </test-method> <!-- demoTset1 -->
      </class> <!-- selenium.DemoTest -->
    </test> <!-- Default test -->
  </suite> <!-- Default suite -->
</testng-results>
