<?xml version="1.0" encoding="UTF-8"?>
<!-- Generated by org.testng.reporters.JUnitXMLReporter -->
<testsuite ignored="0" hostname="Meeth" failures="0" tests="3" name="Default test" time="0.13" errors="0" timestamp="2022-07-24T20:05:28 IST">
  <testcase classname="selenium_framework_maven.DemoTest3" name="demoTest" time="0.014"/>
  <testcase classname="selenium_framework_maven.DemoTest3" name="demoTest2" time="0.002"/>
  <testcase classname="selenium_framework_maven.DemoTest3" name="demoTestt1" time="0.003"/>
</testsuite> <!-- Default test -->
